<?xml version="1.0" encoding="UTF-8"?>
<!-- Generated by org.testng.reporters.JUnitReportReporter -->
<testsuite hostname="DESKTOP-FJI5VAO" name="com.crm.qa.testcases.HomePageTest" tests="3" failures="0" timestamp="18 Jul 2019 17:51:58 GMT" time="54.837" errors="0">
  <testcase name="verifyContactsLinkTest" time="20.298" classname="com.crm.qa.testcases.HomePageTest"/>
  <testcase name="verifyUserNameTest" time="16.486" classname="com.crm.qa.testcases.HomePageTest"/>
  <testcase name="verifyHomePageTitleTest" time="18.053" classname="com.crm.qa.testcases.HomePageTest"/>
</testsuite> <!-- com.crm.qa.testcases.HomePageTest -->
