<?xml version="1.0" encoding="UTF-8"?>
<!-- Generated by org.testng.reporters.JUnitReportReporter -->
<testsuite hostname="DESKTOP-FJI5VAO" name="com.crm.qa.testcases.LoginPageTest" tests="3" failures="0" timestamp="18 Jul 2019 17:51:58 GMT" time="55.867" errors="0">
  <testcase name="validateCRMImageTest" time="20.128" classname="com.crm.qa.testcases.LoginPageTest"/>
  <testcase name="validatePageTittleTest" time="12.531" classname="com.crm.qa.testcases.LoginPageTest"/>
  <testcase name="loginTest" time="23.208" classname="com.crm.qa.testcases.LoginPageTest"/>
</testsuite> <!-- com.crm.qa.testcases.LoginPageTest -->
